<?xml version="1.0" encoding="utf-8"?><testsuites name="pytest tests"><testsuite name="pytest" errors="0" failures="0" skipped="0" tests="24" time="3.335" timestamp="2026-02-11T13:50:12.497641+00:00" hostname="agent-env-0355384c-372d-41c8-a334-eac6964e668d"><testcase classname="backend.tests.test_fynny_api.TestHealthCheck" name="test_api_root_returns_success" time="0.106" /><testcase classname="backend.tests.test_fynny_api.TestUserAPI" name="test_create_user_success" time="0.063" /><testcase classname="backend.tests.test_fynny_api.TestUserAPI" name="test_create_user_returns_existing" time="0.093" /><testcase classname="backend.tests.test_fynny_api.TestUserAPI" name="test_get_user_by_username" time="0.108" /><testcase classname="backend.tests.test_fynny_api.TestUserAPI" name="test_get_nonexistent_user_returns_404" time="0.043" /><testcase classname="backend.tests.test_fynny_api.TestProgressAPI" name="test_get_user_progress" time="0.088" /><testcase classname="backend.tests.test_fynny_api.TestProgressAPI" name="test_new_user_has_zero_fynnies" time="0.095" /><testcase classname="backend.tests.test_fynny_api.TestMoodAPI" name="test_create_mood_checkin" time="0.081" /><testcase classname="backend.tests.test_fynny_api.TestMoodAPI" name="test_mood_checkin_awards_fynny" time="0.223" /><testcase classname="backend.tests.test_fynny_api.TestMoodAPI" name="test_mood_checkin_updates_daily_task" time="0.201" /><testcase classname="backend.tests.test_fynny_api.TestMoodAPI" name="test_get_mood_history" time="0.229" /><testcase classname="backend.tests.test_fynny_api.TestSpendingAPI" name="test_create_spending_entry" time="0.083" /><testcase classname="backend.tests.test_fynny_api.TestSpendingAPI" name="test_spending_updates_daily_task_progress" time="0.125" /><testcase classname="backend.tests.test_fynny_api.TestSpendingAPI" name="test_spending_completes_after_three_entries" time="0.227" /><testcase classname="backend.tests.test_fynny_api.TestSpendingAPI" name="test_get_spending_history" time="0.235" /><testcase classname="backend.tests.test_fynny_api.TestLessonProgressAPI" name="test_update_lesson_progress" time="0.086" /><testcase classname="backend.tests.test_fynny_api.TestLessonProgressAPI" name="test_complete_lesson_awards_fynny" time="0.166" /><testcase classname="backend.tests.test_fynny_api.TestLessonProgressAPI" name="test_get_course_lessons" time="0.200" /><testcase classname="backend.tests.test_fynny_api.TestDailyTasksAPI" name="test_update_daily_task" time="0.076" /><testcase classname="backend.tests.test_fynny_api.TestDailyTasksAPI" name="test_get_daily_tasks" time="0.157" /><testcase classname="backend.tests.test_fynny_api.TestStreakAPI" name="test_update_streak" time="0.080" /><testcase classname="backend.tests.test_fynny_api.TestCourseCompletionAPI" name="test_complete_course_awards_bonus_fynnies" time="0.207" /><testcase classname="backend.tests.test_fynny_api.TestDemoUser" name="test_demo_user_exists_or_can_be_created" time="0.037" /><testcase classname="backend.tests.test_fynny_api.TestDemoUser" name="test_demo_user_progress_accessible" time="0.084" /></testsuite></testsuites>